<?xml version="1.0" encoding="UTF-8"?>
<testsuite name="com.thoughtworks.kotlin_assignment.service.ProductServiceTest" tests="1" skipped="0" failures="0" errors="0" timestamp="2024-03-22T14:06:29" hostname="jiangdeMacBook-Pro.local" time="0.037">
  <properties/>
  <testcase name="check set inventories and price()" classname="com.thoughtworks.kotlin_assignment.service.ProductServiceTest" time="0.037"/>
  <system-out><![CDATA[]]></system-out>
  <system-err><![CDATA[]]></system-err>
</testsuite>
